{"/Users/nickmonteleone/Documents/RPP2210/SDC/database/init.js": {"path":"/Users/nickmonteleone/Documents/RPP2210/SDC/database/init.js","statementMap":{"0":{"start":{"line":1,"column":19},"end":{"line":1,"column":32}},"1":{"start":{"line":3,"column":11},"end":{"line":8,"column":2}},"2":{"start":{"line":10,"column":0},"end":{"line":10,"column":13}},"3":{"start":{"line":12,"column":0},"end":{"line":12,"column":20}}},"fnMap":{},"branchMap":{},"s":{"0":1,"1":1,"2":1,"3":1},"f":{},"b":{},"_coverageSchema":"1a1c01bbd47fc00a2c39e90264f33305004495a9","hash":"e2d431cfb721c790ddbed446a1b9f92b9b445094"}
,"/Users/nickmonteleone/Documents/RPP2210/SDC/database/initTest.js": {"path":"/Users/nickmonteleone/Documents/RPP2210/SDC/database/initTest.js","statementMap":{"0":{"start":{"line":1,"column":19},"end":{"line":1,"column":32}},"1":{"start":{"line":3,"column":11},"end":{"line":8,"column":2}},"2":{"start":{"line":10,"column":0},"end":{"line":10,"column":13}},"3":{"start":{"line":12,"column":0},"end":{"line":12,"column":20}}},"fnMap":{},"branchMap":{},"s":{"0":1,"1":1,"2":1,"3":1},"f":{},"b":{},"_coverageSchema":"1a1c01bbd47fc00a2c39e90264f33305004495a9","hash":"c5310a6f159ccfac0f22159fa5fab46679f4fdbb"}
,"/Users/nickmonteleone/Documents/RPP2210/SDC/server/app.js": {"path":"/Users/nickmonteleone/Documents/RPP2210/SDC/server/app.js","statementMap":{"0":{"start":{"line":2,"column":16},"end":{"line":2,"column":34}},"1":{"start":{"line":4,"column":16},"end":{"line":4,"column":39}},"2":{"start":{"line":6,"column":12},"end":{"line":6,"column":21}},"3":{"start":{"line":9,"column":15},"end":{"line":9,"column":49}},"4":{"start":{"line":12,"column":11},"end":{"line":12,"column":41}},"5":{"start":{"line":14,"column":0},"end":{"line":14,"column":24}},"6":{"start":{"line":27,"column":0},"end":{"line":41,"column":3}},"7":{"start":{"line":28,"column":20},"end":{"line":28,"column":40}},"8":{"start":{"line":29,"column":16},"end":{"line":29,"column":53}},"9":{"start":{"line":30,"column":15},"end":{"line":30,"column":50}},"10":{"start":{"line":32,"column":2},"end":{"line":40,"column":5}},"11":{"start":{"line":33,"column":4},"end":{"line":39,"column":5}},"12":{"start":{"line":34,"column":6},"end":{"line":34,"column":23}},"13":{"start":{"line":35,"column":6},"end":{"line":35,"column":26}},"14":{"start":{"line":38,"column":6},"end":{"line":38,"column":32}},"15":{"start":{"line":43,"column":0},"end":{"line":57,"column":3}},"16":{"start":{"line":44,"column":21},"end":{"line":44,"column":43}},"17":{"start":{"line":45,"column":16},"end":{"line":45,"column":53}},"18":{"start":{"line":46,"column":15},"end":{"line":46,"column":50}},"19":{"start":{"line":48,"column":2},"end":{"line":56,"column":5}},"20":{"start":{"line":49,"column":4},"end":{"line":55,"column":5}},"21":{"start":{"line":50,"column":6},"end":{"line":50,"column":23}},"22":{"start":{"line":51,"column":6},"end":{"line":51,"column":26}},"23":{"start":{"line":54,"column":6},"end":{"line":54,"column":32}},"24":{"start":{"line":59,"column":0},"end":{"line":74,"column":3}},"25":{"start":{"line":60,"column":19},"end":{"line":60,"column":27}},"26":{"start":{"line":61,"column":19},"end":{"line":61,"column":27}},"27":{"start":{"line":62,"column":20},"end":{"line":62,"column":28}},"28":{"start":{"line":63,"column":20},"end":{"line":63,"column":39}},"29":{"start":{"line":65,"column":2},"end":{"line":73,"column":5}},"30":{"start":{"line":66,"column":4},"end":{"line":72,"column":5}},"31":{"start":{"line":67,"column":6},"end":{"line":67,"column":23}},"32":{"start":{"line":68,"column":6},"end":{"line":68,"column":26}},"33":{"start":{"line":70,"column":6},"end":{"line":70,"column":27}},"34":{"start":{"line":71,"column":6},"end":{"line":71,"column":26}},"35":{"start":{"line":76,"column":0},"end":{"line":92,"column":3}},"36":{"start":{"line":77,"column":21},"end":{"line":77,"column":43}},"37":{"start":{"line":78,"column":19},"end":{"line":78,"column":27}},"38":{"start":{"line":79,"column":19},"end":{"line":79,"column":27}},"39":{"start":{"line":80,"column":20},"end":{"line":80,"column":28}},"40":{"start":{"line":81,"column":21},"end":{"line":81,"column":29}},"41":{"start":{"line":83,"column":2},"end":{"line":91,"column":5}},"42":{"start":{"line":84,"column":4},"end":{"line":90,"column":5}},"43":{"start":{"line":85,"column":6},"end":{"line":85,"column":23}},"44":{"start":{"line":86,"column":6},"end":{"line":86,"column":26}},"45":{"start":{"line":88,"column":6},"end":{"line":88,"column":27}},"46":{"start":{"line":89,"column":6},"end":{"line":89,"column":26}},"47":{"start":{"line":94,"column":0},"end":{"line":105,"column":3}},"48":{"start":{"line":95,"column":21},"end":{"line":95,"column":43}},"49":{"start":{"line":96,"column":2},"end":{"line":104,"column":5}},"50":{"start":{"line":97,"column":4},"end":{"line":103,"column":5}},"51":{"start":{"line":98,"column":6},"end":{"line":98,"column":27}},"52":{"start":{"line":99,"column":6},"end":{"line":99,"column":26}},"53":{"start":{"line":101,"column":6},"end":{"line":101,"column":27}},"54":{"start":{"line":102,"column":6},"end":{"line":102,"column":26}},"55":{"start":{"line":107,"column":0},"end":{"line":118,"column":3}},"56":{"start":{"line":108,"column":21},"end":{"line":108,"column":43}},"57":{"start":{"line":109,"column":2},"end":{"line":117,"column":5}},"58":{"start":{"line":110,"column":4},"end":{"line":116,"column":5}},"59":{"start":{"line":111,"column":6},"end":{"line":111,"column":27}},"60":{"start":{"line":112,"column":6},"end":{"line":112,"column":26}},"61":{"start":{"line":114,"column":6},"end":{"line":114,"column":27}},"62":{"start":{"line":115,"column":6},"end":{"line":115,"column":26}},"63":{"start":{"line":120,"column":0},"end":{"line":131,"column":3}},"64":{"start":{"line":121,"column":19},"end":{"line":121,"column":39}},"65":{"start":{"line":122,"column":2},"end":{"line":130,"column":5}},"66":{"start":{"line":123,"column":4},"end":{"line":129,"column":5}},"67":{"start":{"line":124,"column":6},"end":{"line":124,"column":27}},"68":{"start":{"line":125,"column":6},"end":{"line":125,"column":26}},"69":{"start":{"line":127,"column":6},"end":{"line":127,"column":27}},"70":{"start":{"line":128,"column":6},"end":{"line":128,"column":26}},"71":{"start":{"line":133,"column":0},"end":{"line":144,"column":3}},"72":{"start":{"line":134,"column":19},"end":{"line":134,"column":39}},"73":{"start":{"line":135,"column":2},"end":{"line":143,"column":5}},"74":{"start":{"line":136,"column":4},"end":{"line":142,"column":5}},"75":{"start":{"line":137,"column":6},"end":{"line":137,"column":27}},"76":{"start":{"line":138,"column":6},"end":{"line":138,"column":26}},"77":{"start":{"line":140,"column":6},"end":{"line":140,"column":27}},"78":{"start":{"line":141,"column":6},"end":{"line":141,"column":26}},"79":{"start":{"line":146,"column":0},"end":{"line":146,"column":21}}},"fnMap":{"0":{"name":"(anonymous_0)","decl":{"start":{"line":27,"column":25},"end":{"line":27,"column":26}},"loc":{"start":{"line":27,"column":45},"end":{"line":41,"column":1}},"line":27},"1":{"name":"(anonymous_1)","decl":{"start":{"line":32,"column":51},"end":{"line":32,"column":52}},"loc":{"start":{"line":32,"column":69},"end":{"line":40,"column":3}},"line":32},"2":{"name":"(anonymous_2)","decl":{"start":{"line":43,"column":46},"end":{"line":43,"column":47}},"loc":{"start":{"line":43,"column":66},"end":{"line":57,"column":1}},"line":43},"3":{"name":"(anonymous_3)","decl":{"start":{"line":48,"column":50},"end":{"line":48,"column":51}},"loc":{"start":{"line":48,"column":68},"end":{"line":56,"column":3}},"line":48},"4":{"name":"(anonymous_4)","decl":{"start":{"line":59,"column":26},"end":{"line":59,"column":27}},"loc":{"start":{"line":59,"column":46},"end":{"line":74,"column":1}},"line":59},"5":{"name":"(anonymous_5)","decl":{"start":{"line":65,"column":56},"end":{"line":65,"column":57}},"loc":{"start":{"line":65,"column":74},"end":{"line":73,"column":3}},"line":65},"6":{"name":"(anonymous_6)","decl":{"start":{"line":76,"column":47},"end":{"line":76,"column":48}},"loc":{"start":{"line":76,"column":67},"end":{"line":92,"column":1}},"line":76},"7":{"name":"(anonymous_7)","decl":{"start":{"line":83,"column":63},"end":{"line":83,"column":64}},"loc":{"start":{"line":83,"column":81},"end":{"line":91,"column":3}},"line":83},"8":{"name":"(anonymous_8)","decl":{"start":{"line":94,"column":46},"end":{"line":94,"column":47}},"loc":{"start":{"line":94,"column":66},"end":{"line":105,"column":1}},"line":94},"9":{"name":"(anonymous_9)","decl":{"start":{"line":96,"column":39},"end":{"line":96,"column":40}},"loc":{"start":{"line":96,"column":57},"end":{"line":104,"column":3}},"line":96},"10":{"name":"(anonymous_10)","decl":{"start":{"line":107,"column":45},"end":{"line":107,"column":46}},"loc":{"start":{"line":107,"column":65},"end":{"line":118,"column":1}},"line":107},"11":{"name":"(anonymous_11)","decl":{"start":{"line":109,"column":38},"end":{"line":109,"column":39}},"loc":{"start":{"line":109,"column":56},"end":{"line":117,"column":3}},"line":109},"12":{"name":"(anonymous_12)","decl":{"start":{"line":120,"column":42},"end":{"line":120,"column":43}},"loc":{"start":{"line":120,"column":62},"end":{"line":131,"column":1}},"line":120},"13":{"name":"(anonymous_13)","decl":{"start":{"line":122,"column":37},"end":{"line":122,"column":38}},"loc":{"start":{"line":122,"column":55},"end":{"line":130,"column":3}},"line":122},"14":{"name":"(anonymous_14)","decl":{"start":{"line":133,"column":41},"end":{"line":133,"column":42}},"loc":{"start":{"line":133,"column":61},"end":{"line":144,"column":1}},"line":133},"15":{"name":"(anonymous_15)","decl":{"start":{"line":135,"column":36},"end":{"line":135,"column":37}},"loc":{"start":{"line":135,"column":54},"end":{"line":143,"column":3}},"line":135}},"branchMap":{"0":{"loc":{"start":{"line":29,"column":16},"end":{"line":29,"column":53}},"type":"cond-expr","locations":[{"start":{"line":29,"column":34},"end":{"line":29,"column":49}},{"start":{"line":29,"column":52},"end":{"line":29,"column":53}}],"line":29},"1":{"loc":{"start":{"line":30,"column":15},"end":{"line":30,"column":50}},"type":"cond-expr","locations":[{"start":{"line":30,"column":32},"end":{"line":30,"column":46}},{"start":{"line":30,"column":49},"end":{"line":30,"column":50}}],"line":30},"2":{"loc":{"start":{"line":33,"column":4},"end":{"line":39,"column":5}},"type":"if","locations":[{"start":{"line":33,"column":4},"end":{"line":39,"column":5}},{"start":{"line":36,"column":11},"end":{"line":39,"column":5}}],"line":33},"3":{"loc":{"start":{"line":45,"column":16},"end":{"line":45,"column":53}},"type":"cond-expr","locations":[{"start":{"line":45,"column":34},"end":{"line":45,"column":49}},{"start":{"line":45,"column":52},"end":{"line":45,"column":53}}],"line":45},"4":{"loc":{"start":{"line":46,"column":15},"end":{"line":46,"column":50}},"type":"cond-expr","locations":[{"start":{"line":46,"column":32},"end":{"line":46,"column":46}},{"start":{"line":46,"column":49},"end":{"line":46,"column":50}}],"line":46},"5":{"loc":{"start":{"line":49,"column":4},"end":{"line":55,"column":5}},"type":"if","locations":[{"start":{"line":49,"column":4},"end":{"line":55,"column":5}},{"start":{"line":52,"column":11},"end":{"line":55,"column":5}}],"line":49},"6":{"loc":{"start":{"line":66,"column":4},"end":{"line":72,"column":5}},"type":"if","locations":[{"start":{"line":66,"column":4},"end":{"line":72,"column":5}},{"start":{"line":69,"column":11},"end":{"line":72,"column":5}}],"line":66},"7":{"loc":{"start":{"line":84,"column":4},"end":{"line":90,"column":5}},"type":"if","locations":[{"start":{"line":84,"column":4},"end":{"line":90,"column":5}},{"start":{"line":87,"column":11},"end":{"line":90,"column":5}}],"line":84},"8":{"loc":{"start":{"line":97,"column":4},"end":{"line":103,"column":5}},"type":"if","locations":[{"start":{"line":97,"column":4},"end":{"line":103,"column":5}},{"start":{"line":100,"column":11},"end":{"line":103,"column":5}}],"line":97},"9":{"loc":{"start":{"line":110,"column":4},"end":{"line":116,"column":5}},"type":"if","locations":[{"start":{"line":110,"column":4},"end":{"line":116,"column":5}},{"start":{"line":113,"column":11},"end":{"line":116,"column":5}}],"line":110},"10":{"loc":{"start":{"line":123,"column":4},"end":{"line":129,"column":5}},"type":"if","locations":[{"start":{"line":123,"column":4},"end":{"line":129,"column":5}},{"start":{"line":126,"column":11},"end":{"line":129,"column":5}}],"line":123},"11":{"loc":{"start":{"line":136,"column":4},"end":{"line":142,"column":5}},"type":"if","locations":[{"start":{"line":136,"column":4},"end":{"line":142,"column":5}},{"start":{"line":139,"column":11},"end":{"line":142,"column":5}}],"line":136}},"s":{"0":1,"1":1,"2":1,"3":1,"4":1,"5":1,"6":1,"7":0,"8":0,"9":0,"10":0,"11":0,"12":0,"13":0,"14":0,"15":1,"16":1,"17":1,"18":1,"19":1,"20":1,"21":0,"22":0,"23":1,"24":1,"25":1,"26":1,"27":1,"28":1,"29":1,"30":1,"31":0,"32":0,"33":1,"34":1,"35":1,"36":1,"37":1,"38":1,"39":1,"40":1,"41":1,"42":1,"43":1,"44":1,"45":0,"46":0,"47":1,"48":1,"49":1,"50":1,"51":0,"52":0,"53":1,"54":1,"55":1,"56":1,"57":1,"58":1,"59":0,"60":0,"61":1,"62":1,"63":1,"64":1,"65":1,"66":1,"67":0,"68":0,"69":1,"70":1,"71":1,"72":1,"73":1,"74":1,"75":0,"76":0,"77":1,"78":1,"79":1},"f":{"0":0,"1":0,"2":1,"3":1,"4":1,"5":1,"6":1,"7":1,"8":1,"9":1,"10":1,"11":1,"12":1,"13":1,"14":1,"15":1},"b":{"0":[0,0],"1":[0,0],"2":[0,0],"3":[0,1],"4":[0,1],"5":[0,1],"6":[0,1],"7":[1,0],"8":[0,1],"9":[0,1],"10":[0,1],"11":[0,1]},"_coverageSchema":"1a1c01bbd47fc00a2c39e90264f33305004495a9","hash":"01a0943ff09a250a3c3f29b4f7dceac60fc81da9"}
,"/Users/nickmonteleone/Documents/RPP2210/SDC/server/queries.js": {"path":"/Users/nickmonteleone/Documents/RPP2210/SDC/server/queries.js","statementMap":{"0":{"start":{"line":2,"column":0},"end":{"line":188,"column":2}},"1":{"start":{"line":4,"column":4},"end":{"line":56,"column":6}},"2":{"start":{"line":50,"column":8},"end":{"line":54,"column":9}},"3":{"start":{"line":51,"column":10},"end":{"line":51,"column":18}},"4":{"start":{"line":53,"column":10},"end":{"line":53,"column":28}},"5":{"start":{"line":59,"column":4},"end":{"line":96,"column":6}},"6":{"start":{"line":90,"column":8},"end":{"line":94,"column":9}},"7":{"start":{"line":91,"column":10},"end":{"line":91,"column":18}},"8":{"start":{"line":93,"column":10},"end":{"line":93,"column":28}},"9":{"start":{"line":99,"column":24},"end":{"line":99,"column":34}},"10":{"start":{"line":100,"column":26},"end":{"line":100,"column":51}},"11":{"start":{"line":101,"column":4},"end":{"line":112,"column":6}},"12":{"start":{"line":106,"column":8},"end":{"line":110,"column":9}},"13":{"start":{"line":107,"column":10},"end":{"line":107,"column":18}},"14":{"start":{"line":109,"column":10},"end":{"line":109,"column":28}},"15":{"start":{"line":115,"column":24},"end":{"line":115,"column":34}},"16":{"start":{"line":116,"column":26},"end":{"line":116,"column":51}},"17":{"start":{"line":117,"column":4},"end":{"line":138,"column":6}},"18":{"start":{"line":122,"column":8},"end":{"line":136,"column":9}},"19":{"start":{"line":123,"column":10},"end":{"line":123,"column":18}},"20":{"start":{"line":125,"column":33},"end":{"line":128,"column":12}},"21":{"start":{"line":125,"column":51},"end":{"line":128,"column":11}},"22":{"start":{"line":129,"column":10},"end":{"line":135,"column":15}},"23":{"start":{"line":131,"column":14},"end":{"line":131,"column":32}},"24":{"start":{"line":134,"column":14},"end":{"line":134,"column":24}},"25":{"start":{"line":141,"column":4},"end":{"line":150,"column":6}},"26":{"start":{"line":144,"column":8},"end":{"line":148,"column":9}},"27":{"start":{"line":145,"column":10},"end":{"line":145,"column":18}},"28":{"start":{"line":147,"column":10},"end":{"line":147,"column":28}},"29":{"start":{"line":153,"column":4},"end":{"line":162,"column":6}},"30":{"start":{"line":156,"column":8},"end":{"line":160,"column":9}},"31":{"start":{"line":157,"column":10},"end":{"line":157,"column":18}},"32":{"start":{"line":159,"column":10},"end":{"line":159,"column":28}},"33":{"start":{"line":165,"column":4},"end":{"line":174,"column":6}},"34":{"start":{"line":168,"column":8},"end":{"line":172,"column":9}},"35":{"start":{"line":169,"column":10},"end":{"line":169,"column":18}},"36":{"start":{"line":171,"column":10},"end":{"line":171,"column":28}},"37":{"start":{"line":177,"column":4},"end":{"line":186,"column":6}},"38":{"start":{"line":180,"column":8},"end":{"line":184,"column":9}},"39":{"start":{"line":181,"column":10},"end":{"line":181,"column":18}},"40":{"start":{"line":183,"column":10},"end":{"line":183,"column":28}}},"fnMap":{"0":{"name":"(anonymous_0)","decl":{"start":{"line":3,"column":16},"end":{"line":3,"column":17}},"loc":{"start":{"line":3,"column":45},"end":{"line":57,"column":3}},"line":3},"1":{"name":"(anonymous_1)","decl":{"start":{"line":49,"column":6},"end":{"line":49,"column":7}},"loc":{"start":{"line":49,"column":24},"end":{"line":55,"column":7}},"line":49},"2":{"name":"(anonymous_2)","decl":{"start":{"line":58,"column":14},"end":{"line":58,"column":15}},"loc":{"start":{"line":58,"column":43},"end":{"line":97,"column":3}},"line":58},"3":{"name":"(anonymous_3)","decl":{"start":{"line":89,"column":6},"end":{"line":89,"column":7}},"loc":{"start":{"line":89,"column":24},"end":{"line":95,"column":7}},"line":89},"4":{"name":"(anonymous_4)","decl":{"start":{"line":98,"column":15},"end":{"line":98,"column":16}},"loc":{"start":{"line":98,"column":50},"end":{"line":113,"column":3}},"line":98},"5":{"name":"(anonymous_5)","decl":{"start":{"line":105,"column":6},"end":{"line":105,"column":7}},"loc":{"start":{"line":105,"column":24},"end":{"line":111,"column":7}},"line":105},"6":{"name":"(anonymous_6)","decl":{"start":{"line":114,"column":13},"end":{"line":114,"column":14}},"loc":{"start":{"line":114,"column":56},"end":{"line":139,"column":3}},"line":114},"7":{"name":"(anonymous_7)","decl":{"start":{"line":121,"column":6},"end":{"line":121,"column":7}},"loc":{"start":{"line":121,"column":24},"end":{"line":137,"column":7}},"line":121},"8":{"name":"(anonymous_8)","decl":{"start":{"line":125,"column":44},"end":{"line":125,"column":45}},"loc":{"start":{"line":125,"column":51},"end":{"line":128,"column":11}},"line":125},"9":{"name":"(anonymous_9)","decl":{"start":{"line":130,"column":18},"end":{"line":130,"column":19}},"loc":{"start":{"line":130,"column":24},"end":{"line":132,"column":13}},"line":130},"10":{"name":"(anonymous_10)","decl":{"start":{"line":133,"column":19},"end":{"line":133,"column":20}},"loc":{"start":{"line":133,"column":30},"end":{"line":135,"column":13}},"line":133},"11":{"name":"(anonymous_11)","decl":{"start":{"line":140,"column":16},"end":{"line":140,"column":17}},"loc":{"start":{"line":140,"column":32},"end":{"line":151,"column":3}},"line":140},"12":{"name":"(anonymous_12)","decl":{"start":{"line":143,"column":6},"end":{"line":143,"column":7}},"loc":{"start":{"line":143,"column":24},"end":{"line":149,"column":7}},"line":143},"13":{"name":"(anonymous_13)","decl":{"start":{"line":152,"column":16},"end":{"line":152,"column":17}},"loc":{"start":{"line":152,"column":32},"end":{"line":163,"column":3}},"line":152},"14":{"name":"(anonymous_14)","decl":{"start":{"line":155,"column":6},"end":{"line":155,"column":7}},"loc":{"start":{"line":155,"column":24},"end":{"line":161,"column":7}},"line":155},"15":{"name":"(anonymous_15)","decl":{"start":{"line":164,"column":15},"end":{"line":164,"column":16}},"loc":{"start":{"line":164,"column":31},"end":{"line":175,"column":3}},"line":164},"16":{"name":"(anonymous_16)","decl":{"start":{"line":167,"column":6},"end":{"line":167,"column":7}},"loc":{"start":{"line":167,"column":24},"end":{"line":173,"column":7}},"line":167},"17":{"name":"(anonymous_17)","decl":{"start":{"line":176,"column":15},"end":{"line":176,"column":16}},"loc":{"start":{"line":176,"column":31},"end":{"line":187,"column":3}},"line":176},"18":{"name":"(anonymous_18)","decl":{"start":{"line":179,"column":6},"end":{"line":179,"column":7}},"loc":{"start":{"line":179,"column":24},"end":{"line":185,"column":7}},"line":179}},"branchMap":{"0":{"loc":{"start":{"line":50,"column":8},"end":{"line":54,"column":9}},"type":"if","locations":[{"start":{"line":50,"column":8},"end":{"line":54,"column":9}},{"start":{"line":52,"column":15},"end":{"line":54,"column":9}}],"line":50},"1":{"loc":{"start":{"line":90,"column":8},"end":{"line":94,"column":9}},"type":"if","locations":[{"start":{"line":90,"column":8},"end":{"line":94,"column":9}},{"start":{"line":92,"column":15},"end":{"line":94,"column":9}}],"line":90},"2":{"loc":{"start":{"line":106,"column":8},"end":{"line":110,"column":9}},"type":"if","locations":[{"start":{"line":106,"column":8},"end":{"line":110,"column":9}},{"start":{"line":108,"column":15},"end":{"line":110,"column":9}}],"line":106},"3":{"loc":{"start":{"line":122,"column":8},"end":{"line":136,"column":9}},"type":"if","locations":[{"start":{"line":122,"column":8},"end":{"line":136,"column":9}},{"start":{"line":124,"column":15},"end":{"line":136,"column":9}}],"line":122},"4":{"loc":{"start":{"line":144,"column":8},"end":{"line":148,"column":9}},"type":"if","locations":[{"start":{"line":144,"column":8},"end":{"line":148,"column":9}},{"start":{"line":146,"column":15},"end":{"line":148,"column":9}}],"line":144},"5":{"loc":{"start":{"line":156,"column":8},"end":{"line":160,"column":9}},"type":"if","locations":[{"start":{"line":156,"column":8},"end":{"line":160,"column":9}},{"start":{"line":158,"column":15},"end":{"line":160,"column":9}}],"line":156},"6":{"loc":{"start":{"line":168,"column":8},"end":{"line":172,"column":9}},"type":"if","locations":[{"start":{"line":168,"column":8},"end":{"line":172,"column":9}},{"start":{"line":170,"column":15},"end":{"line":172,"column":9}}],"line":168},"7":{"loc":{"start":{"line":180,"column":8},"end":{"line":184,"column":9}},"type":"if","locations":[{"start":{"line":180,"column":8},"end":{"line":184,"column":9}},{"start":{"line":182,"column":15},"end":{"line":184,"column":9}}],"line":180}},"s":{"0":1,"1":0,"2":0,"3":0,"4":0,"5":1,"6":1,"7":0,"8":1,"9":1,"10":1,"11":1,"12":1,"13":0,"14":1,"15":1,"16":1,"17":1,"18":1,"19":1,"20":0,"21":0,"22":0,"23":0,"24":0,"25":1,"26":1,"27":0,"28":1,"29":1,"30":1,"31":0,"32":1,"33":1,"34":1,"35":0,"36":1,"37":1,"38":1,"39":0,"40":1},"f":{"0":0,"1":0,"2":1,"3":1,"4":1,"5":1,"6":1,"7":1,"8":0,"9":0,"10":0,"11":1,"12":1,"13":1,"14":1,"15":1,"16":1,"17":1,"18":1},"b":{"0":[0,0],"1":[0,1],"2":[0,1],"3":[1,0],"4":[0,1],"5":[0,1],"6":[0,1],"7":[0,1]},"_coverageSchema":"1a1c01bbd47fc00a2c39e90264f33305004495a9","hash":"16b8761e25f0c3ddbd4d47e9e13767770cf7c468"}
}
