TN:
SF:database/init.js
FNF:0
FNH:0
DA:1,1
DA:3,1
DA:10,1
DA:12,1
LF:4
LH:4
BRF:0
BRH:0
end_of_record
TN:
SF:database/initTest.js
FNF:0
FNH:0
DA:1,1
DA:3,1
DA:10,1
DA:12,1
LF:4
LH:4
BRF:0
BRH:0
end_of_record
TN:
SF:server/app.js
FN:27,(anonymous_0)
FN:32,(anonymous_1)
FN:43,(anonymous_2)
FN:48,(anonymous_3)
FN:59,(anonymous_4)
FN:65,(anonymous_5)
FN:76,(anonymous_6)
FN:83,(anonymous_7)
FN:94,(anonymous_8)
FN:96,(anonymous_9)
FN:107,(anonymous_10)
FN:109,(anonymous_11)
FN:120,(anonymous_12)
FN:122,(anonymous_13)
FN:133,(anonymous_14)
FN:135,(anonymous_15)
FNF:16
FNH:14
FNDA:0,(anonymous_0)
FNDA:0,(anonymous_1)
FNDA:1,(anonymous_2)
FNDA:1,(anonymous_3)
FNDA:1,(anonymous_4)
FNDA:1,(anonymous_5)
FNDA:1,(anonymous_6)
FNDA:1,(anonymous_7)
FNDA:1,(anonymous_8)
FNDA:1,(anonymous_9)
FNDA:1,(anonymous_10)
FNDA:1,(anonymous_11)
FNDA:1,(anonymous_12)
FNDA:1,(anonymous_13)
FNDA:1,(anonymous_14)
FNDA:1,(anonymous_15)
DA:2,1
DA:4,1
DA:6,1
DA:9,1
DA:12,1
DA:14,1
DA:27,1
DA:28,0
DA:29,0
DA:30,0
DA:32,0
DA:33,0
DA:34,0
DA:35,0
DA:38,0
DA:43,1
DA:44,1
DA:45,1
DA:46,1
DA:48,1
DA:49,1
DA:50,0
DA:51,0
DA:54,1
DA:59,1
DA:60,1
DA:61,1
DA:62,1
DA:63,1
DA:65,1
DA:66,1
DA:67,0
DA:68,0
DA:70,1
DA:71,1
DA:76,1
DA:77,1
DA:78,1
DA:79,1
DA:80,1
DA:81,1
DA:83,1
DA:84,1
DA:85,1
DA:86,1
DA:88,0
DA:89,0
DA:94,1
DA:95,1
DA:96,1
DA:97,1
DA:98,0
DA:99,0
DA:101,1
DA:102,1
DA:107,1
DA:108,1
DA:109,1
DA:110,1
DA:111,0
DA:112,0
DA:114,1
DA:115,1
DA:120,1
DA:121,1
DA:122,1
DA:123,1
DA:124,0
DA:125,0
DA:127,1
DA:128,1
DA:133,1
DA:134,1
DA:135,1
DA:136,1
DA:137,0
DA:138,0
DA:140,1
DA:141,1
DA:146,1
LF:80
LH:58
BRDA:29,0,0,0
BRDA:29,0,1,0
BRDA:30,1,0,0
BRDA:30,1,1,0
BRDA:33,2,0,0
BRDA:33,2,1,0
BRDA:45,3,0,0
BRDA:45,3,1,1
BRDA:46,4,0,0
BRDA:46,4,1,1
BRDA:49,5,0,0
BRDA:49,5,1,1
BRDA:66,6,0,0
BRDA:66,6,1,1
BRDA:84,7,0,1
BRDA:84,7,1,0
BRDA:97,8,0,0
BRDA:97,8,1,1
BRDA:110,9,0,0
BRDA:110,9,1,1
BRDA:123,10,0,0
BRDA:123,10,1,1
BRDA:136,11,0,0
BRDA:136,11,1,1
BRF:24
BRH:9
end_of_record
TN:
SF:server/queries.js
FN:3,(anonymous_0)
FN:49,(anonymous_1)
FN:58,(anonymous_2)
FN:89,(anonymous_3)
FN:98,(anonymous_4)
FN:105,(anonymous_5)
FN:114,(anonymous_6)
FN:121,(anonymous_7)
FN:125,(anonymous_8)
FN:130,(anonymous_9)
FN:133,(anonymous_10)
FN:140,(anonymous_11)
FN:143,(anonymous_12)
FN:152,(anonymous_13)
FN:155,(anonymous_14)
FN:164,(anonymous_15)
FN:167,(anonymous_16)
FN:176,(anonymous_17)
FN:179,(anonymous_18)
FNF:19
FNH:14
FNDA:0,(anonymous_0)
FNDA:0,(anonymous_1)
FNDA:1,(anonymous_2)
FNDA:1,(anonymous_3)
FNDA:1,(anonymous_4)
FNDA:1,(anonymous_5)
FNDA:1,(anonymous_6)
FNDA:1,(anonymous_7)
FNDA:0,(anonymous_8)
FNDA:0,(anonymous_9)
FNDA:0,(anonymous_10)
FNDA:1,(anonymous_11)
FNDA:1,(anonymous_12)
FNDA:1,(anonymous_13)
FNDA:1,(anonymous_14)
FNDA:1,(anonymous_15)
FNDA:1,(anonymous_16)
FNDA:1,(anonymous_17)
FNDA:1,(anonymous_18)
DA:2,1
DA:4,0
DA:50,0
DA:51,0
DA:53,0
DA:59,1
DA:90,1
DA:91,0
DA:93,1
DA:99,1
DA:100,1
DA:101,1
DA:106,1
DA:107,0
DA:109,1
DA:115,1
DA:116,1
DA:117,1
DA:122,1
DA:123,1
DA:125,0
DA:129,0
DA:131,0
DA:134,0
DA:141,1
DA:144,1
DA:145,0
DA:147,1
DA:153,1
DA:156,1
DA:157,0
DA:159,1
DA:165,1
DA:168,1
DA:169,0
DA:171,1
DA:177,1
DA:180,1
DA:181,0
DA:183,1
LF:40
LH:26
BRDA:50,0,0,0
BRDA:50,0,1,0
BRDA:90,1,0,0
BRDA:90,1,1,1
BRDA:106,2,0,0
BRDA:106,2,1,1
BRDA:122,3,0,1
BRDA:122,3,1,0
BRDA:144,4,0,0
BRDA:144,4,1,1
BRDA:156,5,0,0
BRDA:156,5,1,1
BRDA:168,6,0,0
BRDA:168,6,1,1
BRDA:180,7,0,0
BRDA:180,7,1,1
BRF:16
BRH:7
end_of_record
